running egg_info
creating build/Publisher2Listener_py/Publisher2Listener_py.egg-info
writing build/Publisher2Listener_py/Publisher2Listener_py.egg-info/PKG-INFO
writing dependency_links to build/Publisher2Listener_py/Publisher2Listener_py.egg-info/dependency_links.txt
writing requirements to build/Publisher2Listener_py/Publisher2Listener_py.egg-info/requires.txt
writing top-level names to build/Publisher2Listener_py/Publisher2Listener_py.egg-info/top_level.txt
writing manifest file 'build/Publisher2Listener_py/Publisher2Listener_py.egg-info/SOURCES.txt'
reading manifest file 'build/Publisher2Listener_py/Publisher2Listener_py.egg-info/SOURCES.txt'
writing manifest file 'build/Publisher2Listener_py/Publisher2Listener_py.egg-info/SOURCES.txt'
running build
running build_py
creating /home/whaltze/rm/RM_CLASS/CLASS/CLASS_2/Task2/Publisher2Listener_py/build/Publisher2Listener_py/build
creating /home/whaltze/rm/RM_CLASS/CLASS/CLASS_2/Task2/Publisher2Listener_py/build/Publisher2Listener_py/build/lib
creating /home/whaltze/rm/RM_CLASS/CLASS/CLASS_2/Task2/Publisher2Listener_py/build/Publisher2Listener_py/build/lib/Publisher2Listener_py
copying Publisher2Listener_py/__init__.py -> /home/whaltze/rm/RM_CLASS/CLASS/CLASS_2/Task2/Publisher2Listener_py/build/Publisher2Listener_py/build/lib/Publisher2Listener_py
running install
running install_lib
creating /home/whaltze/rm/RM_CLASS/CLASS/CLASS_2/Task2/Publisher2Listener_py/install/Publisher2Listener_py/lib/python3.10/site-packages/Publisher2Listener_py
copying /home/whaltze/rm/RM_CLASS/CLASS/CLASS_2/Task2/Publisher2Listener_py/build/Publisher2Listener_py/build/lib/Publisher2Listener_py/__init__.py -> /home/whaltze/rm/RM_CLASS/CLASS/CLASS_2/Task2/Publisher2Listener_py/install/Publisher2Listener_py/lib/python3.10/site-packages/Publisher2Listener_py
byte-compiling /home/whaltze/rm/RM_CLASS/CLASS/CLASS_2/Task2/Publisher2Listener_py/install/Publisher2Listener_py/lib/python3.10/site-packages/Publisher2Listener_py/__init__.py to __init__.cpython-310.pyc
running install_data
creating /home/whaltze/rm/RM_CLASS/CLASS/CLASS_2/Task2/Publisher2Listener_py/install/Publisher2Listener_py/share/ament_index
creating /home/whaltze/rm/RM_CLASS/CLASS/CLASS_2/Task2/Publisher2Listener_py/install/Publisher2Listener_py/share/ament_index/resource_index
creating /home/whaltze/rm/RM_CLASS/CLASS/CLASS_2/Task2/Publisher2Listener_py/install/Publisher2Listener_py/share/ament_index/resource_index/packages
copying resource/Publisher2Listener_py -> /home/whaltze/rm/RM_CLASS/CLASS/CLASS_2/Task2/Publisher2Listener_py/install/Publisher2Listener_py/share/ament_index/resource_index/packages
copying package.xml -> /home/whaltze/rm/RM_CLASS/CLASS/CLASS_2/Task2/Publisher2Listener_py/install/Publisher2Listener_py/share/Publisher2Listener_py
running install_egg_info
Copying build/Publisher2Listener_py/Publisher2Listener_py.egg-info to /home/whaltze/rm/RM_CLASS/CLASS/CLASS_2/Task2/Publisher2Listener_py/install/Publisher2Listener_py/lib/python3.10/site-packages/Publisher2Listener_py-0.0.0-py3.10.egg-info
running install_scripts
writing list of installed files to '/home/whaltze/rm/RM_CLASS/CLASS/CLASS_2/Task2/Publisher2Listener_py/build/Publisher2Listener_py/install.log'
