[0.295s] Invoking command in '/home/zkx/RM/CLASS_2/ros2_ws/src/my_python_pkg': PYTHONPATH=/home/zkx/RM/CLASS_2/ros2_ws/build/my_python_pkg/prefix_override:/usr/lib/python3/dist-packages/colcon_core/task/python/colcon_distutils_commands:/home/zkx/RM/CLASS_2/ros2_ws/install/my_python_pkg/lib/python3.10/site-packages:${PYTHONPATH} /usr/bin/python3 -W ignore:setup.py install is deprecated -W ignore:easy_install command is deprecated setup.py egg_info --egg-base ../../build/my_python_pkg build --build-base /home/zkx/RM/CLASS_2/ros2_ws/build/my_python_pkg/build install --record /home/zkx/RM/CLASS_2/ros2_ws/build/my_python_pkg/install.log --single-version-externally-managed install_data
[0.410s] running egg_info
[0.410s] creating ../../build/my_python_pkg/my_python_pkg.egg-info
[0.410s] writing ../../build/my_python_pkg/my_python_pkg.egg-info/PKG-INFO
[0.410s] writing dependency_links to ../../build/my_python_pkg/my_python_pkg.egg-info/dependency_links.txt
[0.410s] writing entry points to ../../build/my_python_pkg/my_python_pkg.egg-info/entry_points.txt
[0.410s] writing requirements to ../../build/my_python_pkg/my_python_pkg.egg-info/requires.txt
[0.410s] writing top-level names to ../../build/my_python_pkg/my_python_pkg.egg-info/top_level.txt
[0.410s] writing manifest file '../../build/my_python_pkg/my_python_pkg.egg-info/SOURCES.txt'
[0.411s] reading manifest file '../../build/my_python_pkg/my_python_pkg.egg-info/SOURCES.txt'
[0.412s] writing manifest file '../../build/my_python_pkg/my_python_pkg.egg-info/SOURCES.txt'
[0.412s] running build
[0.412s] running build_py
[0.412s] creating /home/zkx/RM/CLASS_2/ros2_ws/build/my_python_pkg/build
[0.412s] creating /home/zkx/RM/CLASS_2/ros2_ws/build/my_python_pkg/build/lib
[0.412s] creating /home/zkx/RM/CLASS_2/ros2_ws/build/my_python_pkg/build/lib/my_python_pkg
[0.412s] copying my_python_pkg/talker.py -> /home/zkx/RM/CLASS_2/ros2_ws/build/my_python_pkg/build/lib/my_python_pkg
[0.412s] copying my_python_pkg/__init__.py -> /home/zkx/RM/CLASS_2/ros2_ws/build/my_python_pkg/build/lib/my_python_pkg
[0.412s] copying my_python_pkg/listener.py -> /home/zkx/RM/CLASS_2/ros2_ws/build/my_python_pkg/build/lib/my_python_pkg
[0.412s] running install
[0.412s] running install_lib
[0.413s] creating /home/zkx/RM/CLASS_2/ros2_ws/install/my_python_pkg/lib/python3.10/site-packages/my_python_pkg
[0.413s] copying /home/zkx/RM/CLASS_2/ros2_ws/build/my_python_pkg/build/lib/my_python_pkg/talker.py -> /home/zkx/RM/CLASS_2/ros2_ws/install/my_python_pkg/lib/python3.10/site-packages/my_python_pkg
[0.413s] copying /home/zkx/RM/CLASS_2/ros2_ws/build/my_python_pkg/build/lib/my_python_pkg/__init__.py -> /home/zkx/RM/CLASS_2/ros2_ws/install/my_python_pkg/lib/python3.10/site-packages/my_python_pkg
[0.413s] copying /home/zkx/RM/CLASS_2/ros2_ws/build/my_python_pkg/build/lib/my_python_pkg/listener.py -> /home/zkx/RM/CLASS_2/ros2_ws/install/my_python_pkg/lib/python3.10/site-packages/my_python_pkg
[0.413s] byte-compiling /home/zkx/RM/CLASS_2/ros2_ws/install/my_python_pkg/lib/python3.10/site-packages/my_python_pkg/talker.py to talker.cpython-310.pyc
[0.413s] byte-compiling /home/zkx/RM/CLASS_2/ros2_ws/install/my_python_pkg/lib/python3.10/site-packages/my_python_pkg/__init__.py to __init__.cpython-310.pyc
[0.413s] byte-compiling /home/zkx/RM/CLASS_2/ros2_ws/install/my_python_pkg/lib/python3.10/site-packages/my_python_pkg/listener.py to listener.cpython-310.pyc
[0.414s] running install_data
[0.414s] creating /home/zkx/RM/CLASS_2/ros2_ws/install/my_python_pkg/share/ament_index
[0.414s] creating /home/zkx/RM/CLASS_2/ros2_ws/install/my_python_pkg/share/ament_index/resource_index
[0.414s] creating /home/zkx/RM/CLASS_2/ros2_ws/install/my_python_pkg/share/ament_index/resource_index/packages
[0.414s] copying resource/my_python_pkg -> /home/zkx/RM/CLASS_2/ros2_ws/install/my_python_pkg/share/ament_index/resource_index/packages
[0.414s] copying package.xml -> /home/zkx/RM/CLASS_2/ros2_ws/install/my_python_pkg/share/my_python_pkg
[0.414s] running install_egg_info
[0.415s] Copying ../../build/my_python_pkg/my_python_pkg.egg-info to /home/zkx/RM/CLASS_2/ros2_ws/install/my_python_pkg/lib/python3.10/site-packages/my_python_pkg-0.0.0-py3.10.egg-info
[0.415s] running install_scripts
[0.427s] writing list of installed files to '/home/zkx/RM/CLASS_2/ros2_ws/build/my_python_pkg/install.log'
[0.447s] Invoked command in '/home/zkx/RM/CLASS_2/ros2_ws/src/my_python_pkg' returned '0': PYTHONPATH=/home/zkx/RM/CLASS_2/ros2_ws/build/my_python_pkg/prefix_override:/usr/lib/python3/dist-packages/colcon_core/task/python/colcon_distutils_commands:/home/zkx/RM/CLASS_2/ros2_ws/install/my_python_pkg/lib/python3.10/site-packages:${PYTHONPATH} /usr/bin/python3 -W ignore:setup.py install is deprecated -W ignore:easy_install command is deprecated setup.py egg_info --egg-base ../../build/my_python_pkg build --build-base /home/zkx/RM/CLASS_2/ros2_ws/build/my_python_pkg/build install --record /home/zkx/RM/CLASS_2/ros2_ws/build/my_python_pkg/install.log --single-version-externally-managed install_data
