-- Found rclcpp: 16.0.11 (/opt/ros/humble/share/rclcpp/cmake)
-- Found rosidl_generator_c: 3.1.6 (/opt/ros/humble/share/rosidl_generator_c/cmake)
-- Found rosidl_adapter: 3.1.6 (/opt/ros/humble/share/rosidl_adapter/cmake)
-- Found rosidl_generator_cpp: 3.1.6 (/opt/ros/humble/share/rosidl_generator_cpp/cmake)
-- Using all available rosidl_typesupport_c: rosidl_typesupport_fastrtps_c;rosidl_typesupport_introspection_c
-- Using all available rosidl_typesupport_cpp: rosidl_typesupport_fastrtps_cpp;rosidl_typesupport_introspection_cpp
-- Found rmw_implementation_cmake: 6.1.2 (/opt/ros/humble/share/rmw_implementation_cmake/cmake)
-- Found rmw_fastrtps_cpp: 6.2.7 (/opt/ros/humble/share/rmw_fastrtps_cpp/cmake)
-- Using RMW implementation 'rmw_fastrtps_cpp' as default
WARNING: Package name "Publisher2Listener" does not follow the naming conventions. It should start with a lower case letter and only contain lower case letters, digits, underscores, and dashes.
-- Configuring done
-- Generating done
-- Build files have been written to: /home/whaltze/rm/RM_CLASS/CLASS/CLASS_2/Task2/Publisher2Listener/build/Publisher2Listener
[ 50%] [32mBuilding CXX object CMakeFiles/listener.dir/src/listener.cpp.o[0m
[ 50%] [32mBuilding CXX object CMakeFiles/publisher.dir/src/publisher.cpp.o[0m
[ 75%] [32m[1mLinking CXX executable publisher[0m
[ 75%] Built target publisher
[100%] [32m[1mLinking CXX executable listener[0m
[100%] Built target listener
-- Install configuration: ""
-- Installing: /home/whaltze/rm/RM_CLASS/CLASS/CLASS_2/Task2/Publisher2Listener/install/Publisher2Listener/lib/Publisher2Listener/publisher
-- Set runtime path of "/home/whaltze/rm/RM_CLASS/CLASS/CLASS_2/Task2/Publisher2Listener/install/Publisher2Listener/lib/Publisher2Listener/publisher" to ""
-- Installing: /home/whaltze/rm/RM_CLASS/CLASS/CLASS_2/Task2/Publisher2Listener/install/Publisher2Listener/lib/Publisher2Listener/listener
-- Set runtime path of "/home/whaltze/rm/RM_CLASS/CLASS/CLASS_2/Task2/Publisher2Listener/install/Publisher2Listener/lib/Publisher2Listener/listener" to ""
-- Up-to-date: /home/whaltze/rm/RM_CLASS/CLASS/CLASS_2/Task2/Publisher2Listener/install/Publisher2Listener/share/ament_index/resource_index/package_run_dependencies/Publisher2Listener
-- Installing: /home/whaltze/rm/RM_CLASS/CLASS/CLASS_2/Task2/Publisher2Listener/install/Publisher2Listener/share/ament_index/resource_index/parent_prefix_path/Publisher2Listener
-- Up-to-date: /home/whaltze/rm/RM_CLASS/CLASS/CLASS_2/Task2/Publisher2Listener/install/Publisher2Listener/share/Publisher2Listener/environment/ament_prefix_path.sh
-- Installing: /home/whaltze/rm/RM_CLASS/CLASS/CLASS_2/Task2/Publisher2Listener/install/Publisher2Listener/share/Publisher2Listener/environment/ament_prefix_path.dsv
-- Up-to-date: /home/whaltze/rm/RM_CLASS/CLASS/CLASS_2/Task2/Publisher2Listener/install/Publisher2Listener/share/Publisher2Listener/environment/path.sh
-- Installing: /home/whaltze/rm/RM_CLASS/CLASS/CLASS_2/Task2/Publisher2Listener/install/Publisher2Listener/share/Publisher2Listener/environment/path.dsv
-- Up-to-date: /home/whaltze/rm/RM_CLASS/CLASS/CLASS_2/Task2/Publisher2Listener/install/Publisher2Listener/share/Publisher2Listener/local_setup.bash
-- Up-to-date: /home/whaltze/rm/RM_CLASS/CLASS/CLASS_2/Task2/Publisher2Listener/install/Publisher2Listener/share/Publisher2Listener/local_setup.sh
-- Up-to-date: /home/whaltze/rm/RM_CLASS/CLASS/CLASS_2/Task2/Publisher2Listener/install/Publisher2Listener/share/Publisher2Listener/local_setup.zsh
-- Installing: /home/whaltze/rm/RM_CLASS/CLASS/CLASS_2/Task2/Publisher2Listener/install/Publisher2Listener/share/Publisher2Listener/local_setup.dsv
-- Installing: /home/whaltze/rm/RM_CLASS/CLASS/CLASS_2/Task2/Publisher2Listener/install/Publisher2Listener/share/Publisher2Listener/package.dsv
-- Up-to-date: /home/whaltze/rm/RM_CLASS/CLASS/CLASS_2/Task2/Publisher2Listener/install/Publisher2Listener/share/ament_index/resource_index/packages/Publisher2Listener
-- Up-to-date: /home/whaltze/rm/RM_CLASS/CLASS/CLASS_2/Task2/Publisher2Listener/install/Publisher2Listener/share/Publisher2Listener/cmake/Publisher2ListenerConfig.cmake
-- Up-to-date: /home/whaltze/rm/RM_CLASS/CLASS/CLASS_2/Task2/Publisher2Listener/install/Publisher2Listener/share/Publisher2Listener/cmake/Publisher2ListenerConfig-version.cmake
-- Up-to-date: /home/whaltze/rm/RM_CLASS/CLASS/CLASS_2/Task2/Publisher2Listener/install/Publisher2Listener/share/Publisher2Listener/package.xml
