[0.013s] Invoking command in '/home/whaltze/rm/RM_CLASS/CLASS/CLASS_2/Task2/Publisher2Listener/build/Publisher2Listener': CMAKE_PREFIX_PATH=${CMAKE_PREFIX_PATH}:/home/whaltze/rm/RM_CLASS/CLASS/CLASS_2/Task2/Publisher2Listener_py/install/Publisher2Listener_py:/opt/ros/humble /usr/bin/cmake --build /home/whaltze/rm/RM_CLASS/CLASS/CLASS_2/Task2/Publisher2Listener/build/Publisher2Listener -- -j16 -l16
[0.034s] -- Found rclcpp: 16.0.11 (/opt/ros/humble/share/rclcpp/cmake)
[0.145s] -- Found rosidl_generator_c: 3.1.6 (/opt/ros/humble/share/rosidl_generator_c/cmake)
[0.146s] -- Found rosidl_adapter: 3.1.6 (/opt/ros/humble/share/rosidl_adapter/cmake)
[0.150s] -- Found rosidl_generator_cpp: 3.1.6 (/opt/ros/humble/share/rosidl_generator_cpp/cmake)
[0.156s] -- Using all available rosidl_typesupport_c: rosidl_typesupport_fastrtps_c;rosidl_typesupport_introspection_c
[0.164s] -- Using all available rosidl_typesupport_cpp: rosidl_typesupport_fastrtps_cpp;rosidl_typesupport_introspection_cpp
[0.184s] -- Found rmw_implementation_cmake: 6.1.2 (/opt/ros/humble/share/rmw_implementation_cmake/cmake)
[0.185s] -- Found rmw_fastrtps_cpp: 6.2.7 (/opt/ros/humble/share/rmw_fastrtps_cpp/cmake)
[0.262s] -- Using RMW implementation 'rmw_fastrtps_cpp' as default
[0.330s] WARNING: Package name "Publisher2Listener" does not follow the naming conventions. It should start with a lower case letter and only contain lower case letters, digits, underscores, and dashes.
[0.338s] -- Configuring done
[0.349s] -- Generating done
[0.352s] -- Build files have been written to: /home/whaltze/rm/RM_CLASS/CLASS/CLASS_2/Task2/Publisher2Listener/build/Publisher2Listener
[0.387s] [ 50%] [32mBuilding CXX object CMakeFiles/listener.dir/src/listener.cpp.o[0m
[0.387s] [ 50%] [32mBuilding CXX object CMakeFiles/publisher.dir/src/publisher.cpp.o[0m
[3.156s] [ 75%] [32m[1mLinking CXX executable publisher[0m
[3.287s] [ 75%] Built target publisher
[5.518s] [100%] [32m[1mLinking CXX executable listener[0m
[5.763s] [100%] Built target listener
[5.773s] Invoked command in '/home/whaltze/rm/RM_CLASS/CLASS/CLASS_2/Task2/Publisher2Listener/build/Publisher2Listener' returned '0': CMAKE_PREFIX_PATH=${CMAKE_PREFIX_PATH}:/home/whaltze/rm/RM_CLASS/CLASS/CLASS_2/Task2/Publisher2Listener_py/install/Publisher2Listener_py:/opt/ros/humble /usr/bin/cmake --build /home/whaltze/rm/RM_CLASS/CLASS/CLASS_2/Task2/Publisher2Listener/build/Publisher2Listener -- -j16 -l16
[5.783s] Invoking command in '/home/whaltze/rm/RM_CLASS/CLASS/CLASS_2/Task2/Publisher2Listener/build/Publisher2Listener': CMAKE_PREFIX_PATH=${CMAKE_PREFIX_PATH}:/home/whaltze/rm/RM_CLASS/CLASS/CLASS_2/Task2/Publisher2Listener_py/install/Publisher2Listener_py:/opt/ros/humble /usr/bin/cmake --install /home/whaltze/rm/RM_CLASS/CLASS/CLASS_2/Task2/Publisher2Listener/build/Publisher2Listener
[5.790s] -- Install configuration: ""
[5.790s] -- Installing: /home/whaltze/rm/RM_CLASS/CLASS/CLASS_2/Task2/Publisher2Listener/install/Publisher2Listener/lib/Publisher2Listener/publisher
[5.792s] -- Set runtime path of "/home/whaltze/rm/RM_CLASS/CLASS/CLASS_2/Task2/Publisher2Listener/install/Publisher2Listener/lib/Publisher2Listener/publisher" to ""
[5.792s] -- Installing: /home/whaltze/rm/RM_CLASS/CLASS/CLASS_2/Task2/Publisher2Listener/install/Publisher2Listener/lib/Publisher2Listener/listener
[5.794s] -- Set runtime path of "/home/whaltze/rm/RM_CLASS/CLASS/CLASS_2/Task2/Publisher2Listener/install/Publisher2Listener/lib/Publisher2Listener/listener" to ""
[5.795s] -- Up-to-date: /home/whaltze/rm/RM_CLASS/CLASS/CLASS_2/Task2/Publisher2Listener/install/Publisher2Listener/share/ament_index/resource_index/package_run_dependencies/Publisher2Listener
[5.795s] -- Installing: /home/whaltze/rm/RM_CLASS/CLASS/CLASS_2/Task2/Publisher2Listener/install/Publisher2Listener/share/ament_index/resource_index/parent_prefix_path/Publisher2Listener
[5.795s] -- Up-to-date: /home/whaltze/rm/RM_CLASS/CLASS/CLASS_2/Task2/Publisher2Listener/install/Publisher2Listener/share/Publisher2Listener/environment/ament_prefix_path.sh
[5.795s] -- Installing: /home/whaltze/rm/RM_CLASS/CLASS/CLASS_2/Task2/Publisher2Listener/install/Publisher2Listener/share/Publisher2Listener/environment/ament_prefix_path.dsv
[5.795s] -- Up-to-date: /home/whaltze/rm/RM_CLASS/CLASS/CLASS_2/Task2/Publisher2Listener/install/Publisher2Listener/share/Publisher2Listener/environment/path.sh
[5.795s] -- Installing: /home/whaltze/rm/RM_CLASS/CLASS/CLASS_2/Task2/Publisher2Listener/install/Publisher2Listener/share/Publisher2Listener/environment/path.dsv
[5.796s] -- Up-to-date: /home/whaltze/rm/RM_CLASS/CLASS/CLASS_2/Task2/Publisher2Listener/install/Publisher2Listener/share/Publisher2Listener/local_setup.bash
[5.796s] -- Up-to-date: /home/whaltze/rm/RM_CLASS/CLASS/CLASS_2/Task2/Publisher2Listener/install/Publisher2Listener/share/Publisher2Listener/local_setup.sh
[5.796s] -- Up-to-date: /home/whaltze/rm/RM_CLASS/CLASS/CLASS_2/Task2/Publisher2Listener/install/Publisher2Listener/share/Publisher2Listener/local_setup.zsh
[5.796s] -- Installing: /home/whaltze/rm/RM_CLASS/CLASS/CLASS_2/Task2/Publisher2Listener/install/Publisher2Listener/share/Publisher2Listener/local_setup.dsv
[5.796s] -- Installing: /home/whaltze/rm/RM_CLASS/CLASS/CLASS_2/Task2/Publisher2Listener/install/Publisher2Listener/share/Publisher2Listener/package.dsv
[5.796s] -- Up-to-date: /home/whaltze/rm/RM_CLASS/CLASS/CLASS_2/Task2/Publisher2Listener/install/Publisher2Listener/share/ament_index/resource_index/packages/Publisher2Listener
[5.796s] -- Up-to-date: /home/whaltze/rm/RM_CLASS/CLASS/CLASS_2/Task2/Publisher2Listener/install/Publisher2Listener/share/Publisher2Listener/cmake/Publisher2ListenerConfig.cmake
[5.796s] -- Up-to-date: /home/whaltze/rm/RM_CLASS/CLASS/CLASS_2/Task2/Publisher2Listener/install/Publisher2Listener/share/Publisher2Listener/cmake/Publisher2ListenerConfig-version.cmake
[5.796s] -- Up-to-date: /home/whaltze/rm/RM_CLASS/CLASS/CLASS_2/Task2/Publisher2Listener/install/Publisher2Listener/share/Publisher2Listener/package.xml
[5.797s] Invoked command in '/home/whaltze/rm/RM_CLASS/CLASS/CLASS_2/Task2/Publisher2Listener/build/Publisher2Listener' returned '0': CMAKE_PREFIX_PATH=${CMAKE_PREFIX_PATH}:/home/whaltze/rm/RM_CLASS/CLASS/CLASS_2/Task2/Publisher2Listener_py/install/Publisher2Listener_py:/opt/ros/humble /usr/bin/cmake --install /home/whaltze/rm/RM_CLASS/CLASS/CLASS_2/Task2/Publisher2Listener/build/Publisher2Listener
