[0.262s] Invoking command in '/home/zjy/桌面/Task2/hw_py/Publisher2Listener': PYTHONPATH=/home/zjy/桌面/Task2/hw_py/build/Publisher2Listener/prefix_override:/usr/lib/python3/dist-packages/colcon_core/task/python/colcon_distutils_commands:/home/zjy/桌面/Task2/hw_py/install/Publisher2Listener/lib/python3.10/site-packages:${PYTHONPATH} /usr/bin/python3 -W ignore:setup.py install is deprecated setup.py egg_info --egg-base ../build/Publisher2Listener build --build-base /home/zjy/桌面/Task2/hw_py/build/Publisher2Listener/build install --record /home/zjy/桌面/Task2/hw_py/build/Publisher2Listener/install.log --single-version-externally-managed install_data
[0.362s] running egg_info
[0.363s] creating ../build/Publisher2Listener/Publisher2Listener.egg-info
[0.363s] writing ../build/Publisher2Listener/Publisher2Listener.egg-info/PKG-INFO
[0.363s] writing dependency_links to ../build/Publisher2Listener/Publisher2Listener.egg-info/dependency_links.txt
[0.363s] writing entry points to ../build/Publisher2Listener/Publisher2Listener.egg-info/entry_points.txt
[0.363s] writing requirements to ../build/Publisher2Listener/Publisher2Listener.egg-info/requires.txt
[0.363s] writing top-level names to ../build/Publisher2Listener/Publisher2Listener.egg-info/top_level.txt
[0.363s] writing manifest file '../build/Publisher2Listener/Publisher2Listener.egg-info/SOURCES.txt'
[0.364s] reading manifest file '../build/Publisher2Listener/Publisher2Listener.egg-info/SOURCES.txt'
[0.364s] writing manifest file '../build/Publisher2Listener/Publisher2Listener.egg-info/SOURCES.txt'
[0.364s] running build
[0.364s] running build_py
[0.364s] creating /home/zjy/桌面/Task2/hw_py/build/Publisher2Listener/build
[0.364s] creating /home/zjy/桌面/Task2/hw_py/build/Publisher2Listener/build/lib
[0.364s] creating /home/zjy/桌面/Task2/hw_py/build/Publisher2Listener/build/lib/Publisher2Listener
[0.364s] copying Publisher2Listener/publisher.py -> /home/zjy/桌面/Task2/hw_py/build/Publisher2Listener/build/lib/Publisher2Listener
[0.364s] copying Publisher2Listener/__init__.py -> /home/zjy/桌面/Task2/hw_py/build/Publisher2Listener/build/lib/Publisher2Listener
[0.364s] copying Publisher2Listener/listener.py -> /home/zjy/桌面/Task2/hw_py/build/Publisher2Listener/build/lib/Publisher2Listener
[0.364s] running install
[0.365s] running install_lib
[0.365s] creating /home/zjy/桌面/Task2/hw_py/install/Publisher2Listener/lib/python3.10/site-packages/Publisher2Listener
[0.365s] copying /home/zjy/桌面/Task2/hw_py/build/Publisher2Listener/build/lib/Publisher2Listener/publisher.py -> /home/zjy/桌面/Task2/hw_py/install/Publisher2Listener/lib/python3.10/site-packages/Publisher2Listener
[0.365s] copying /home/zjy/桌面/Task2/hw_py/build/Publisher2Listener/build/lib/Publisher2Listener/__init__.py -> /home/zjy/桌面/Task2/hw_py/install/Publisher2Listener/lib/python3.10/site-packages/Publisher2Listener
[0.365s] copying /home/zjy/桌面/Task2/hw_py/build/Publisher2Listener/build/lib/Publisher2Listener/listener.py -> /home/zjy/桌面/Task2/hw_py/install/Publisher2Listener/lib/python3.10/site-packages/Publisher2Listener
[0.365s] byte-compiling /home/zjy/桌面/Task2/hw_py/install/Publisher2Listener/lib/python3.10/site-packages/Publisher2Listener/publisher.py to publisher.cpython-310.pyc
[0.365s] byte-compiling /home/zjy/桌面/Task2/hw_py/install/Publisher2Listener/lib/python3.10/site-packages/Publisher2Listener/__init__.py to __init__.cpython-310.pyc
[0.365s] byte-compiling /home/zjy/桌面/Task2/hw_py/install/Publisher2Listener/lib/python3.10/site-packages/Publisher2Listener/listener.py to listener.cpython-310.pyc
[0.366s] running install_data
[0.366s] creating /home/zjy/桌面/Task2/hw_py/install/Publisher2Listener/share
[0.366s] creating /home/zjy/桌面/Task2/hw_py/install/Publisher2Listener/share/ament_index
[0.366s] creating /home/zjy/桌面/Task2/hw_py/install/Publisher2Listener/share/ament_index/resource_index
[0.366s] creating /home/zjy/桌面/Task2/hw_py/install/Publisher2Listener/share/ament_index/resource_index/packages
[0.366s] copying resource/Publisher2Listener -> /home/zjy/桌面/Task2/hw_py/install/Publisher2Listener/share/ament_index/resource_index/packages
[0.366s] creating /home/zjy/桌面/Task2/hw_py/install/Publisher2Listener/share/Publisher2Listener
[0.366s] copying package.xml -> /home/zjy/桌面/Task2/hw_py/install/Publisher2Listener/share/Publisher2Listener
[0.366s] running install_egg_info
[0.367s] Copying ../build/Publisher2Listener/Publisher2Listener.egg-info to /home/zjy/桌面/Task2/hw_py/install/Publisher2Listener/lib/python3.10/site-packages/Publisher2Listener-0.0.0-py3.10.egg-info
[0.367s] running install_scripts
[0.376s] Installing listener script to /home/zjy/桌面/Task2/hw_py/install/Publisher2Listener/lib/Publisher2Listener
[0.377s] Installing publisher script to /home/zjy/桌面/Task2/hw_py/install/Publisher2Listener/lib/Publisher2Listener
[0.377s] writing list of installed files to '/home/zjy/桌面/Task2/hw_py/build/Publisher2Listener/install.log'
[0.388s] Invoked command in '/home/zjy/桌面/Task2/hw_py/Publisher2Listener' returned '0': PYTHONPATH=/home/zjy/桌面/Task2/hw_py/build/Publisher2Listener/prefix_override:/usr/lib/python3/dist-packages/colcon_core/task/python/colcon_distutils_commands:/home/zjy/桌面/Task2/hw_py/install/Publisher2Listener/lib/python3.10/site-packages:${PYTHONPATH} /usr/bin/python3 -W ignore:setup.py install is deprecated setup.py egg_info --egg-base ../build/Publisher2Listener build --build-base /home/zjy/桌面/Task2/hw_py/build/Publisher2Listener/build install --record /home/zjy/桌面/Task2/hw_py/build/Publisher2Listener/install.log --single-version-externally-managed install_data
