-- The C compiler identification is GNU 11.4.0
-- The CXX compiler identification is GNU 11.4.0
-- Detecting C compiler ABI info
-- Detecting C compiler ABI info - done
-- Check for working C compiler: /usr/bin/cc - skipped
-- Detecting C compile features
-- Detecting C compile features - done
-- Detecting CXX compiler ABI info
-- Detecting CXX compiler ABI info - done
-- Check for working CXX compiler: /usr/bin/c++ - skipped
-- Detecting CXX compile features
-- Detecting CXX compile features - done
-- Found rclcpp: 16.0.10 (/opt/ros/humble/share/rclcpp/cmake)
-- Found Python3: /usr/bin/python3 (found version "3.10.12") found components: Interpreter 
-- Found rosidl_generator_c: 3.1.5 (/opt/ros/humble/share/rosidl_generator_c/cmake)
-- Found rosidl_adapter: 3.1.5 (/opt/ros/humble/share/rosidl_adapter/cmake)
-- Found rosidl_generator_cpp: 3.1.5 (/opt/ros/humble/share/rosidl_generator_cpp/cmake)
-- Using all available rosidl_typesupport_c: rosidl_typesupport_fastrtps_c;rosidl_typesupport_introspection_c
-- Using all available rosidl_typesupport_cpp: rosidl_typesupport_fastrtps_cpp;rosidl_typesupport_introspection_cpp
-- Found rmw_implementation_cmake: 6.1.2 (/opt/ros/humble/share/rmw_implementation_cmake/cmake)
-- Found rmw_fastrtps_cpp: 6.2.7 (/opt/ros/humble/share/rmw_fastrtps_cpp/cmake)
-- Found OpenSSL: /usr/lib/x86_64-linux-gnu/libcrypto.so (found version "3.0.2")  
-- Found FastRTPS: /opt/ros/humble/include  
-- Using RMW implementation 'rmw_fastrtps_cpp' as default
-- Looking for pthread.h
-- Looking for pthread.h - found
-- Performing Test CMAKE_HAVE_LIBC_PTHREAD
-- Performing Test CMAKE_HAVE_LIBC_PTHREAD - Success
-- Found Threads: TRUE  
-- Configuring done
-- Generating done
-- Build files have been written to: /home/zjy/æ¡Œé¢/Task2/hw/build/Publisher2Listener
[ 25%] [32mBuilding CXX object CMakeFiles/publisher_node.dir/src/publisher.cpp.o[0m
[ 50%] [32mBuilding CXX object CMakeFiles/listener_node.dir/src/listener.cpp.o[0m
[ 75%] [32m[1mLinking CXX executable publisher_node[0m
[ 75%] Built target publisher_node
[100%] [32m[1mLinking CXX executable listener_node[0m
[100%] Built target listener_node
-- Install configuration: ""
-- Installing: /home/zjy/æ¡Œé¢/Task2/hw/install/Publisher2Listener/lib/Publisher2Listener/publisher_node
-- Set runtime path of "/home/zjy/æ¡Œé¢/Task2/hw/install/Publisher2Listener/lib/Publisher2Listener/publisher_node" to ""
-- Installing: /home/zjy/æ¡Œé¢/Task2/hw/install/Publisher2Listener/lib/Publisher2Listener/listener_node
-- Set runtime path of "/home/zjy/æ¡Œé¢/Task2/hw/install/Publisher2Listener/lib/Publisher2Listener/listener_node" to ""
-- Installing: /home/zjy/æ¡Œé¢/Task2/hw/install/Publisher2Listener/share/ament_index/resource_index/package_run_dependencies/Publisher2Listener
-- Installing: /home/zjy/æ¡Œé¢/Task2/hw/install/Publisher2Listener/share/ament_index/resource_index/parent_prefix_path/Publisher2Listener
-- Installing: /home/zjy/æ¡Œé¢/Task2/hw/install/Publisher2Listener/share/Publisher2Listener/environment/ament_prefix_path.sh
-- Installing: /home/zjy/æ¡Œé¢/Task2/hw/install/Publisher2Listener/share/Publisher2Listener/environment/ament_prefix_path.dsv
-- Installing: /home/zjy/æ¡Œé¢/Task2/hw/install/Publisher2Listener/share/Publisher2Listener/environment/path.sh
-- Installing: /home/zjy/æ¡Œé¢/Task2/hw/install/Publisher2Listener/share/Publisher2Listener/environment/path.dsv
-- Installing: /home/zjy/æ¡Œé¢/Task2/hw/install/Publisher2Listener/share/Publisher2Listener/local_setup.bash
-- Installing: /home/zjy/æ¡Œé¢/Task2/hw/install/Publisher2Listener/share/Publisher2Listener/local_setup.sh
-- Installing: /home/zjy/æ¡Œé¢/Task2/hw/install/Publisher2Listener/share/Publisher2Listener/local_setup.zsh
-- Installing: /home/zjy/æ¡Œé¢/Task2/hw/install/Publisher2Listener/share/Publisher2Listener/local_setup.dsv
-- Installing: /home/zjy/æ¡Œé¢/Task2/hw/install/Publisher2Listener/share/Publisher2Listener/package.dsv
-- Installing: /home/zjy/æ¡Œé¢/Task2/hw/install/Publisher2Listener/share/ament_index/resource_index/packages/Publisher2Listener
-- Installing: /home/zjy/æ¡Œé¢/Task2/hw/install/Publisher2Listener/share/Publisher2Listener/cmake/Publisher2ListenerConfig.cmake
-- Installing: /home/zjy/æ¡Œé¢/Task2/hw/install/Publisher2Listener/share/Publisher2Listener/cmake/Publisher2ListenerConfig-version.cmake
-- Installing: /home/zjy/æ¡Œé¢/Task2/hw/install/Publisher2Listener/share/Publisher2Listener/package.xml
