[0.005s] Invoking command in '/home/zjy/æ¡Œé¢/Task2/hw/build/Publisher2Listener': CMAKE_PREFIX_PATH=/opt/ros/humble /usr/bin/cmake /home/zjy/æ¡Œé¢/Task2/hw/Publisher2Listener -DCMAKE_INSTALL_PREFIX=/home/zjy/æ¡Œé¢/Task2/hw/install/Publisher2Listener
[0.049s] -- The C compiler identification is GNU 11.4.0
[0.098s] -- The CXX compiler identification is GNU 11.4.0
[0.106s] -- Detecting C compiler ABI info
[0.180s] -- Detecting C compiler ABI info - done
[0.188s] -- Check for working C compiler: /usr/bin/cc - skipped
[0.189s] -- Detecting C compile features
[0.189s] -- Detecting C compile features - done
[0.192s] -- Detecting CXX compiler ABI info
[0.274s] -- Detecting CXX compiler ABI info - done
[0.278s] -- Check for working CXX compiler: /usr/bin/c++ - skipped
[0.278s] -- Detecting CXX compile features
[0.278s] -- Detecting CXX compile features - done
[0.279s] -- Found rclcpp: 16.0.10 (/opt/ros/humble/share/rclcpp/cmake)
[0.373s] -- Found Python3: /usr/bin/python3 (found version "3.10.12") found components: Interpreter 
[0.482s] -- Found rosidl_generator_c: 3.1.5 (/opt/ros/humble/share/rosidl_generator_c/cmake)
[0.485s] -- Found rosidl_adapter: 3.1.5 (/opt/ros/humble/share/rosidl_adapter/cmake)
[0.491s] -- Found rosidl_generator_cpp: 3.1.5 (/opt/ros/humble/share/rosidl_generator_cpp/cmake)
[0.500s] -- Using all available rosidl_typesupport_c: rosidl_typesupport_fastrtps_c;rosidl_typesupport_introspection_c
[0.511s] -- Using all available rosidl_typesupport_cpp: rosidl_typesupport_fastrtps_cpp;rosidl_typesupport_introspection_cpp
[0.533s] -- Found rmw_implementation_cmake: 6.1.2 (/opt/ros/humble/share/rmw_implementation_cmake/cmake)
[0.534s] -- Found rmw_fastrtps_cpp: 6.2.7 (/opt/ros/humble/share/rmw_fastrtps_cpp/cmake)
[0.616s] -- Found OpenSSL: /usr/lib/x86_64-linux-gnu/libcrypto.so (found version "3.0.2")  
[0.638s] -- Found FastRTPS: /opt/ros/humble/include  
[0.657s] -- Using RMW implementation 'rmw_fastrtps_cpp' as default
[0.661s] -- Looking for pthread.h
[0.748s] -- Looking for pthread.h - found
[0.748s] -- Performing Test CMAKE_HAVE_LIBC_PTHREAD
[0.823s] -- Performing Test CMAKE_HAVE_LIBC_PTHREAD - Success
[0.824s] -- Found Threads: TRUE  
[0.872s] WARNING: Package name "Publisher2Listener" does not follow the naming conventions. It should start with a lower case letter and only contain lower case letters, digits, underscores, and dashes.
[0.876s] -- Configuring done
[0.881s] -- Generating done
[0.881s] -- Build files have been written to: /home/zjy/æ¡Œé¢/Task2/hw/build/Publisher2Listener
[0.887s] Invoked command in '/home/zjy/æ¡Œé¢/Task2/hw/build/Publisher2Listener' returned '0': CMAKE_PREFIX_PATH=/opt/ros/humble /usr/bin/cmake /home/zjy/æ¡Œé¢/Task2/hw/Publisher2Listener -DCMAKE_INSTALL_PREFIX=/home/zjy/æ¡Œé¢/Task2/hw/install/Publisher2Listener
[0.888s] Invoking command in '/home/zjy/æ¡Œé¢/Task2/hw/build/Publisher2Listener': CMAKE_PREFIX_PATH=/opt/ros/humble /usr/bin/cmake --build /home/zjy/æ¡Œé¢/Task2/hw/build/Publisher2Listener -- -j32 -l32
[0.937s] [ 25%] [32mBuilding CXX object CMakeFiles/publisher_node.dir/src/publisher.cpp.o[0m
[0.937s] [ 50%] [32mBuilding CXX object CMakeFiles/listener_node.dir/src/listener.cpp.o[0m
[2.929s] [ 75%] [32m[1mLinking CXX executable publisher_node[0m
[3.032s] [ 75%] Built target publisher_node
[4.800s] [100%] [32m[1mLinking CXX executable listener_node[0m
[4.972s] [100%] Built target listener_node
[4.984s] Invoked command in '/home/zjy/æ¡Œé¢/Task2/hw/build/Publisher2Listener' returned '0': CMAKE_PREFIX_PATH=/opt/ros/humble /usr/bin/cmake --build /home/zjy/æ¡Œé¢/Task2/hw/build/Publisher2Listener -- -j32 -l32
[5.025s] Invoking command in '/home/zjy/æ¡Œé¢/Task2/hw/build/Publisher2Listener': CMAKE_PREFIX_PATH=/opt/ros/humble /usr/bin/cmake --install /home/zjy/æ¡Œé¢/Task2/hw/build/Publisher2Listener
[5.033s] -- Install configuration: ""
[5.033s] -- Installing: /home/zjy/æ¡Œé¢/Task2/hw/install/Publisher2Listener/lib/Publisher2Listener/publisher_node
[5.034s] -- Set runtime path of "/home/zjy/æ¡Œé¢/Task2/hw/install/Publisher2Listener/lib/Publisher2Listener/publisher_node" to ""
[5.035s] -- Installing: /home/zjy/æ¡Œé¢/Task2/hw/install/Publisher2Listener/lib/Publisher2Listener/listener_node
[5.037s] -- Set runtime path of "/home/zjy/æ¡Œé¢/Task2/hw/install/Publisher2Listener/lib/Publisher2Listener/listener_node" to ""
[5.038s] -- Installing: /home/zjy/æ¡Œé¢/Task2/hw/install/Publisher2Listener/share/ament_index/resource_index/package_run_dependencies/Publisher2Listener
[5.038s] -- Installing: /home/zjy/æ¡Œé¢/Task2/hw/install/Publisher2Listener/share/ament_index/resource_index/parent_prefix_path/Publisher2Listener
[5.038s] -- Installing: /home/zjy/æ¡Œé¢/Task2/hw/install/Publisher2Listener/share/Publisher2Listener/environment/ament_prefix_path.sh
[5.038s] -- Installing: /home/zjy/æ¡Œé¢/Task2/hw/install/Publisher2Listener/share/Publisher2Listener/environment/ament_prefix_path.dsv
[5.038s] -- Installing: /home/zjy/æ¡Œé¢/Task2/hw/install/Publisher2Listener/share/Publisher2Listener/environment/path.sh
[5.038s] -- Installing: /home/zjy/æ¡Œé¢/Task2/hw/install/Publisher2Listener/share/Publisher2Listener/environment/path.dsv
[5.038s] -- Installing: /home/zjy/æ¡Œé¢/Task2/hw/install/Publisher2Listener/share/Publisher2Listener/local_setup.bash
[5.038s] -- Installing: /home/zjy/æ¡Œé¢/Task2/hw/install/Publisher2Listener/share/Publisher2Listener/local_setup.sh
[5.039s] -- Installing: /home/zjy/æ¡Œé¢/Task2/hw/install/Publisher2Listener/share/Publisher2Listener/local_setup.zsh
[5.039s] -- Installing: /home/zjy/æ¡Œé¢/Task2/hw/install/Publisher2Listener/share/Publisher2Listener/local_setup.dsv
[5.039s] -- Installing: /home/zjy/æ¡Œé¢/Task2/hw/install/Publisher2Listener/share/Publisher2Listener/package.dsv
[5.039s] -- Installing: /home/zjy/æ¡Œé¢/Task2/hw/install/Publisher2Listener/share/ament_index/resource_index/packages/Publisher2Listener
[5.039s] -- Installing: /home/zjy/æ¡Œé¢/Task2/hw/install/Publisher2Listener/share/Publisher2Listener/cmake/Publisher2ListenerConfig.cmake
[5.039s] -- Installing: /home/zjy/æ¡Œé¢/Task2/hw/install/Publisher2Listener/share/Publisher2Listener/cmake/Publisher2ListenerConfig-version.cmake
[5.039s] -- Installing: /home/zjy/æ¡Œé¢/Task2/hw/install/Publisher2Listener/share/Publisher2Listener/package.xml
[5.042s] Invoked command in '/home/zjy/æ¡Œé¢/Task2/hw/build/Publisher2Listener' returned '0': CMAKE_PREFIX_PATH=/opt/ros/humble /usr/bin/cmake --install /home/zjy/æ¡Œé¢/Task2/hw/build/Publisher2Listener
