[0.015s] Invoking command in '/home/whaltze/rm/RM_CLASS/CLASS/CLASS_2/Task2/Publisher2Listener/build/Publisher2Listener': CMAKE_PREFIX_PATH=${CMAKE_PREFIX_PATH}:/opt/ros/humble /usr/bin/cmake /home/whaltze/rm/RM_CLASS/CLASS/CLASS_2/Task2/Publisher2Listener -DCMAKE_INSTALL_PREFIX=/home/whaltze/rm/RM_CLASS/CLASS/CLASS_2/Task2/Publisher2Listener/install/Publisher2Listener
[0.065s] -- The C compiler identification is GNU 11.4.0
[0.111s] -- The CXX compiler identification is GNU 11.4.0
[0.117s] -- Detecting C compiler ABI info
[0.181s] -- Detecting C compiler ABI info - done
[0.185s] -- Check for working C compiler: /usr/bin/cc - skipped
[0.186s] -- Detecting C compile features
[0.186s] -- Detecting C compile features - done
[0.188s] -- Detecting CXX compiler ABI info
[0.260s] -- Detecting CXX compiler ABI info - done
[0.265s] -- Check for working CXX compiler: /usr/bin/c++ - skipped
[0.265s] -- Detecting CXX compile features
[0.265s] -- Detecting CXX compile features - done
[0.273s] -- Found rclcpp: 16.0.11 (/opt/ros/humble/share/rclcpp/cmake)
[0.545s] -- Found Python3: /usr/bin/python3 (found version "3.10.12") found components: Interpreter 
[0.744s] -- Found rosidl_generator_c: 3.1.6 (/opt/ros/humble/share/rosidl_generator_c/cmake)
[0.755s] -- Found rosidl_adapter: 3.1.6 (/opt/ros/humble/share/rosidl_adapter/cmake)
[0.772s] -- Found rosidl_generator_cpp: 3.1.6 (/opt/ros/humble/share/rosidl_generator_cpp/cmake)
[0.793s] -- Using all available rosidl_typesupport_c: rosidl_typesupport_fastrtps_c;rosidl_typesupport_introspection_c
[0.819s] -- Using all available rosidl_typesupport_cpp: rosidl_typesupport_fastrtps_cpp;rosidl_typesupport_introspection_cpp
[0.893s] -- Found rmw_implementation_cmake: 6.1.2 (/opt/ros/humble/share/rmw_implementation_cmake/cmake)
[0.899s] -- Found rmw_fastrtps_cpp: 6.2.7 (/opt/ros/humble/share/rmw_fastrtps_cpp/cmake)
[1.013s] -- Found OpenSSL: /usr/lib/x86_64-linux-gnu/libcrypto.so (found version "3.0.2")  
[1.037s] -- Found FastRTPS: /opt/ros/humble/include  
[1.071s] -- Using RMW implementation 'rmw_fastrtps_cpp' as default
[1.087s] -- Looking for pthread.h
[1.156s] -- Looking for pthread.h - found
[1.156s] -- Performing Test CMAKE_HAVE_LIBC_PTHREAD
[1.227s] -- Performing Test CMAKE_HAVE_LIBC_PTHREAD - Success
[1.228s] -- Found Threads: TRUE  
[1.338s] WARNING: Package name "Publisher2Listener" does not follow the naming conventions. It should start with a lower case letter and only contain lower case letters, digits, underscores, and dashes.
[1.351s] -- Configuring done
[1.358s] -- Generating done
[1.362s] -- Build files have been written to: /home/whaltze/rm/RM_CLASS/CLASS/CLASS_2/Task2/Publisher2Listener/build/Publisher2Listener
[1.371s] Invoked command in '/home/whaltze/rm/RM_CLASS/CLASS/CLASS_2/Task2/Publisher2Listener/build/Publisher2Listener' returned '0': CMAKE_PREFIX_PATH=${CMAKE_PREFIX_PATH}:/opt/ros/humble /usr/bin/cmake /home/whaltze/rm/RM_CLASS/CLASS/CLASS_2/Task2/Publisher2Listener -DCMAKE_INSTALL_PREFIX=/home/whaltze/rm/RM_CLASS/CLASS/CLASS_2/Task2/Publisher2Listener/install/Publisher2Listener
[1.374s] Invoking command in '/home/whaltze/rm/RM_CLASS/CLASS/CLASS_2/Task2/Publisher2Listener/build/Publisher2Listener': CMAKE_PREFIX_PATH=${CMAKE_PREFIX_PATH}:/opt/ros/humble /usr/bin/cmake --build /home/whaltze/rm/RM_CLASS/CLASS/CLASS_2/Task2/Publisher2Listener/build/Publisher2Listener -- -j16 -l16
[1.427s] [ 25%] [32mBuilding CXX object CMakeFiles/publisher_node.dir/src/publisher.cpp.o[0m
[1.432s] [ 50%] [32mBuilding CXX object CMakeFiles/listener_node.dir/src/listener.cpp.o[0m
[4.407s] [ 75%] [32m[1mLinking CXX executable publisher_node[0m
[4.583s] [ 75%] Built target publisher_node
[6.832s] [100%] [32m[1mLinking CXX executable listener_node[0m
[7.091s] [100%] Built target listener_node
[7.103s] Invoked command in '/home/whaltze/rm/RM_CLASS/CLASS/CLASS_2/Task2/Publisher2Listener/build/Publisher2Listener' returned '0': CMAKE_PREFIX_PATH=${CMAKE_PREFIX_PATH}:/opt/ros/humble /usr/bin/cmake --build /home/whaltze/rm/RM_CLASS/CLASS/CLASS_2/Task2/Publisher2Listener/build/Publisher2Listener -- -j16 -l16
[7.113s] Invoking command in '/home/whaltze/rm/RM_CLASS/CLASS/CLASS_2/Task2/Publisher2Listener/build/Publisher2Listener': CMAKE_PREFIX_PATH=${CMAKE_PREFIX_PATH}:/opt/ros/humble /usr/bin/cmake --install /home/whaltze/rm/RM_CLASS/CLASS/CLASS_2/Task2/Publisher2Listener/build/Publisher2Listener
[7.120s] -- Install configuration: ""
[7.120s] -- Installing: /home/whaltze/rm/RM_CLASS/CLASS/CLASS_2/Task2/Publisher2Listener/install/Publisher2Listener/lib/Publisher2Listener/publisher_node
[7.121s] -- Set runtime path of "/home/whaltze/rm/RM_CLASS/CLASS/CLASS_2/Task2/Publisher2Listener/install/Publisher2Listener/lib/Publisher2Listener/publisher_node" to ""
[7.121s] -- Installing: /home/whaltze/rm/RM_CLASS/CLASS/CLASS_2/Task2/Publisher2Listener/install/Publisher2Listener/lib/Publisher2Listener/listener_node
[7.124s] -- Set runtime path of "/home/whaltze/rm/RM_CLASS/CLASS/CLASS_2/Task2/Publisher2Listener/install/Publisher2Listener/lib/Publisher2Listener/listener_node" to ""
[7.124s] -- Installing: /home/whaltze/rm/RM_CLASS/CLASS/CLASS_2/Task2/Publisher2Listener/install/Publisher2Listener/share/ament_index/resource_index/package_run_dependencies/Publisher2Listener
[7.124s] -- Installing: /home/whaltze/rm/RM_CLASS/CLASS/CLASS_2/Task2/Publisher2Listener/install/Publisher2Listener/share/ament_index/resource_index/parent_prefix_path/Publisher2Listener
[7.124s] -- Installing: /home/whaltze/rm/RM_CLASS/CLASS/CLASS_2/Task2/Publisher2Listener/install/Publisher2Listener/share/Publisher2Listener/environment/ament_prefix_path.sh
[7.124s] -- Installing: /home/whaltze/rm/RM_CLASS/CLASS/CLASS_2/Task2/Publisher2Listener/install/Publisher2Listener/share/Publisher2Listener/environment/ament_prefix_path.dsv
[7.124s] -- Installing: /home/whaltze/rm/RM_CLASS/CLASS/CLASS_2/Task2/Publisher2Listener/install/Publisher2Listener/share/Publisher2Listener/environment/path.sh
[7.124s] -- Installing: /home/whaltze/rm/RM_CLASS/CLASS/CLASS_2/Task2/Publisher2Listener/install/Publisher2Listener/share/Publisher2Listener/environment/path.dsv
[7.125s] -- Installing: /home/whaltze/rm/RM_CLASS/CLASS/CLASS_2/Task2/Publisher2Listener/install/Publisher2Listener/share/Publisher2Listener/local_setup.bash
[7.125s] -- Installing: /home/whaltze/rm/RM_CLASS/CLASS/CLASS_2/Task2/Publisher2Listener/install/Publisher2Listener/share/Publisher2Listener/local_setup.sh
[7.125s] -- Installing: /home/whaltze/rm/RM_CLASS/CLASS/CLASS_2/Task2/Publisher2Listener/install/Publisher2Listener/share/Publisher2Listener/local_setup.zsh
[7.125s] -- Installing: /home/whaltze/rm/RM_CLASS/CLASS/CLASS_2/Task2/Publisher2Listener/install/Publisher2Listener/share/Publisher2Listener/local_setup.dsv
[7.125s] -- Installing: /home/whaltze/rm/RM_CLASS/CLASS/CLASS_2/Task2/Publisher2Listener/install/Publisher2Listener/share/Publisher2Listener/package.dsv
[7.125s] -- Installing: /home/whaltze/rm/RM_CLASS/CLASS/CLASS_2/Task2/Publisher2Listener/install/Publisher2Listener/share/ament_index/resource_index/packages/Publisher2Listener
[7.125s] -- Installing: /home/whaltze/rm/RM_CLASS/CLASS/CLASS_2/Task2/Publisher2Listener/install/Publisher2Listener/share/Publisher2Listener/cmake/Publisher2ListenerConfig.cmake
[7.125s] -- Installing: /home/whaltze/rm/RM_CLASS/CLASS/CLASS_2/Task2/Publisher2Listener/install/Publisher2Listener/share/Publisher2Listener/cmake/Publisher2ListenerConfig-version.cmake
[7.125s] -- Installing: /home/whaltze/rm/RM_CLASS/CLASS/CLASS_2/Task2/Publisher2Listener/install/Publisher2Listener/share/Publisher2Listener/package.xml
[7.127s] Invoked command in '/home/whaltze/rm/RM_CLASS/CLASS/CLASS_2/Task2/Publisher2Listener/build/Publisher2Listener' returned '0': CMAKE_PREFIX_PATH=${CMAKE_PREFIX_PATH}:/opt/ros/humble /usr/bin/cmake --install /home/whaltze/rm/RM_CLASS/CLASS/CLASS_2/Task2/Publisher2Listener/build/Publisher2Listener
