running egg_info
writing ../build/Publisher2Listener/Publisher2Listener.egg-info/PKG-INFO
writing dependency_links to ../build/Publisher2Listener/Publisher2Listener.egg-info/dependency_links.txt
writing entry points to ../build/Publisher2Listener/Publisher2Listener.egg-info/entry_points.txt
writing requirements to ../build/Publisher2Listener/Publisher2Listener.egg-info/requires.txt
writing top-level names to ../build/Publisher2Listener/Publisher2Listener.egg-info/top_level.txt
reading manifest file '../build/Publisher2Listener/Publisher2Listener.egg-info/SOURCES.txt'
writing manifest file '../build/Publisher2Listener/Publisher2Listener.egg-info/SOURCES.txt'
running build
running build_py
running install
running install_lib
running install_data
copying package.xml -> /home/zjy/桌面/Task2/hw_py/install/Publisher2Listener/share/Publisher2Listener
running install_egg_info
removing '/home/zjy/桌面/Task2/hw_py/install/Publisher2Listener/lib/python3.10/site-packages/Publisher2Listener-0.0.0-py3.10.egg-info' (and everything under it)
Copying ../build/Publisher2Listener/Publisher2Listener.egg-info to /home/zjy/桌面/Task2/hw_py/install/Publisher2Listener/lib/python3.10/site-packages/Publisher2Listener-0.0.0-py3.10.egg-info
running install_scripts
Installing listener script to /home/zjy/桌面/Task2/hw_py/install/Publisher2Listener/lib/Publisher2Listener
Installing publisher script to /home/zjy/桌面/Task2/hw_py/install/Publisher2Listener/lib/Publisher2Listener
writing list of installed files to '/home/zjy/桌面/Task2/hw_py/build/Publisher2Listener/install.log'
