[0.270s] Invoking command in '/home/zjy/桌面/Task2/hw_py/Publisher2Listener': PYTHONPATH=/home/zjy/桌面/Task2/hw_py/build/Publisher2Listener/prefix_override:/usr/lib/python3/dist-packages/colcon_core/task/python/colcon_distutils_commands:/home/zjy/桌面/Task2/hw_py/install/Publisher2Listener/lib/python3.10/site-packages:${PYTHONPATH} /usr/bin/python3 -W ignore:setup.py install is deprecated setup.py egg_info --egg-base ../build/Publisher2Listener build --build-base /home/zjy/桌面/Task2/hw_py/build/Publisher2Listener/build install --record /home/zjy/桌面/Task2/hw_py/build/Publisher2Listener/install.log --single-version-externally-managed install_data
[0.367s] running egg_info
[0.367s] writing ../build/Publisher2Listener/Publisher2Listener.egg-info/PKG-INFO
[0.367s] writing dependency_links to ../build/Publisher2Listener/Publisher2Listener.egg-info/dependency_links.txt
[0.367s] writing entry points to ../build/Publisher2Listener/Publisher2Listener.egg-info/entry_points.txt
[0.367s] writing requirements to ../build/Publisher2Listener/Publisher2Listener.egg-info/requires.txt
[0.367s] writing top-level names to ../build/Publisher2Listener/Publisher2Listener.egg-info/top_level.txt
[0.368s] reading manifest file '../build/Publisher2Listener/Publisher2Listener.egg-info/SOURCES.txt'
[0.368s] writing manifest file '../build/Publisher2Listener/Publisher2Listener.egg-info/SOURCES.txt'
[0.368s] running build
[0.368s] running build_py
[0.368s] running install
[0.369s] running install_lib
[0.369s] running install_data
[0.369s] copying package.xml -> /home/zjy/桌面/Task2/hw_py/install/Publisher2Listener/share/Publisher2Listener
[0.369s] running install_egg_info
[0.370s] removing '/home/zjy/桌面/Task2/hw_py/install/Publisher2Listener/lib/python3.10/site-packages/Publisher2Listener-0.0.0-py3.10.egg-info' (and everything under it)
[0.370s] Copying ../build/Publisher2Listener/Publisher2Listener.egg-info to /home/zjy/桌面/Task2/hw_py/install/Publisher2Listener/lib/python3.10/site-packages/Publisher2Listener-0.0.0-py3.10.egg-info
[0.370s] running install_scripts
[0.380s] Installing listener script to /home/zjy/桌面/Task2/hw_py/install/Publisher2Listener/lib/Publisher2Listener
[0.380s] Installing publisher script to /home/zjy/桌面/Task2/hw_py/install/Publisher2Listener/lib/Publisher2Listener
[0.380s] writing list of installed files to '/home/zjy/桌面/Task2/hw_py/build/Publisher2Listener/install.log'
[0.389s] Invoked command in '/home/zjy/桌面/Task2/hw_py/Publisher2Listener' returned '0': PYTHONPATH=/home/zjy/桌面/Task2/hw_py/build/Publisher2Listener/prefix_override:/usr/lib/python3/dist-packages/colcon_core/task/python/colcon_distutils_commands:/home/zjy/桌面/Task2/hw_py/install/Publisher2Listener/lib/python3.10/site-packages:${PYTHONPATH} /usr/bin/python3 -W ignore:setup.py install is deprecated setup.py egg_info --egg-base ../build/Publisher2Listener build --build-base /home/zjy/桌面/Task2/hw_py/build/Publisher2Listener/build install --record /home/zjy/桌面/Task2/hw_py/build/Publisher2Listener/install.log --single-version-externally-managed install_data
