running egg_info
writing build/Publisher2Listener_py/Publisher2Listener_py.egg-info/PKG-INFO
writing dependency_links to build/Publisher2Listener_py/Publisher2Listener_py.egg-info/dependency_links.txt
writing entry points to build/Publisher2Listener_py/Publisher2Listener_py.egg-info/entry_points.txt
writing requirements to build/Publisher2Listener_py/Publisher2Listener_py.egg-info/requires.txt
writing top-level names to build/Publisher2Listener_py/Publisher2Listener_py.egg-info/top_level.txt
reading manifest file 'build/Publisher2Listener_py/Publisher2Listener_py.egg-info/SOURCES.txt'
writing manifest file 'build/Publisher2Listener_py/Publisher2Listener_py.egg-info/SOURCES.txt'
running build
running build_py
copying Publisher2Listener_py/publisher.py -> /home/whaltze/rm/RM_CLASS/CLASS/CLASS_2/Task2/Publisher2Listener_py/build/Publisher2Listener_py/build/lib/Publisher2Listener_py
copying Publisher2Listener_py/__init__.py -> /home/whaltze/rm/RM_CLASS/CLASS/CLASS_2/Task2/Publisher2Listener_py/build/Publisher2Listener_py/build/lib/Publisher2Listener_py
copying Publisher2Listener_py/listener.py -> /home/whaltze/rm/RM_CLASS/CLASS/CLASS_2/Task2/Publisher2Listener_py/build/Publisher2Listener_py/build/lib/Publisher2Listener_py
running install
running install_lib
copying /home/whaltze/rm/RM_CLASS/CLASS/CLASS_2/Task2/Publisher2Listener_py/build/Publisher2Listener_py/build/lib/Publisher2Listener_py/publisher.py -> /home/whaltze/rm/RM_CLASS/CLASS/CLASS_2/Task2/Publisher2Listener_py/install/Publisher2Listener_py/lib/python3.10/site-packages/Publisher2Listener_py
copying /home/whaltze/rm/RM_CLASS/CLASS/CLASS_2/Task2/Publisher2Listener_py/build/Publisher2Listener_py/build/lib/Publisher2Listener_py/listener.py -> /home/whaltze/rm/RM_CLASS/CLASS/CLASS_2/Task2/Publisher2Listener_py/install/Publisher2Listener_py/lib/python3.10/site-packages/Publisher2Listener_py
byte-compiling /home/whaltze/rm/RM_CLASS/CLASS/CLASS_2/Task2/Publisher2Listener_py/install/Publisher2Listener_py/lib/python3.10/site-packages/Publisher2Listener_py/publisher.py to publisher.cpython-310.pyc
byte-compiling /home/whaltze/rm/RM_CLASS/CLASS/CLASS_2/Task2/Publisher2Listener_py/install/Publisher2Listener_py/lib/python3.10/site-packages/Publisher2Listener_py/listener.py to listener.cpython-310.pyc
running install_data
copying resource/Publisher2Listener_py -> /home/whaltze/rm/RM_CLASS/CLASS/CLASS_2/Task2/Publisher2Listener_py/install/Publisher2Listener_py/share/ament_index/resource_index/packages
copying package.xml -> /home/whaltze/rm/RM_CLASS/CLASS/CLASS_2/Task2/Publisher2Listener_py/install/Publisher2Listener_py/share/Publisher2Listener_py
running install_egg_info
removing '/home/whaltze/rm/RM_CLASS/CLASS/CLASS_2/Task2/Publisher2Listener_py/install/Publisher2Listener_py/lib/python3.10/site-packages/Publisher2Listener_py-0.0.0-py3.10.egg-info' (and everything under it)
Copying build/Publisher2Listener_py/Publisher2Listener_py.egg-info to /home/whaltze/rm/RM_CLASS/CLASS/CLASS_2/Task2/Publisher2Listener_py/install/Publisher2Listener_py/lib/python3.10/site-packages/Publisher2Listener_py-0.0.0-py3.10.egg-info
running install_scripts
Installing listener script to /home/whaltze/rm/RM_CLASS/CLASS/CLASS_2/Task2/Publisher2Listener_py/install/Publisher2Listener_py/lib/Publisher2Listener_py
Installing publisher script to /home/whaltze/rm/RM_CLASS/CLASS/CLASS_2/Task2/Publisher2Listener_py/install/Publisher2Listener_py/lib/Publisher2Listener_py
writing list of installed files to '/home/whaltze/rm/RM_CLASS/CLASS/CLASS_2/Task2/Publisher2Listener_py/build/Publisher2Listener_py/install.log'
