[0.296s] Invoking command in '/home/zkx/RM/CLASS_2/ros2_ws/src/my_python_pkg': PYTHONPATH=/home/zkx/RM/CLASS_2/ros2_ws/build/my_python_pkg/prefix_override:/usr/lib/python3/dist-packages/colcon_core/task/python/colcon_distutils_commands:/home/zkx/RM/CLASS_2/ros2_ws/install/my_python_pkg/lib/python3.10/site-packages:${PYTHONPATH} /usr/bin/python3 -W ignore:setup.py install is deprecated -W ignore:easy_install command is deprecated setup.py egg_info --egg-base ../../build/my_python_pkg build --build-base /home/zkx/RM/CLASS_2/ros2_ws/build/my_python_pkg/build install --record /home/zkx/RM/CLASS_2/ros2_ws/build/my_python_pkg/install.log --single-version-externally-managed install_data
[0.409s] running egg_info
[0.409s] writing ../../build/my_python_pkg/my_python_pkg.egg-info/PKG-INFO
[0.410s] writing dependency_links to ../../build/my_python_pkg/my_python_pkg.egg-info/dependency_links.txt
[0.410s] writing entry points to ../../build/my_python_pkg/my_python_pkg.egg-info/entry_points.txt
[0.410s] writing requirements to ../../build/my_python_pkg/my_python_pkg.egg-info/requires.txt
[0.410s] writing top-level names to ../../build/my_python_pkg/my_python_pkg.egg-info/top_level.txt
[0.411s] reading manifest file '../../build/my_python_pkg/my_python_pkg.egg-info/SOURCES.txt'
[0.411s] writing manifest file '../../build/my_python_pkg/my_python_pkg.egg-info/SOURCES.txt'
[0.411s] running build
[0.412s] running build_py
[0.412s] running install
[0.412s] running install_lib
[0.413s] running install_data
[0.413s] running install_egg_info
[0.414s] removing '/home/zkx/RM/CLASS_2/ros2_ws/install/my_python_pkg/lib/python3.10/site-packages/my_python_pkg-0.0.0-py3.10.egg-info' (and everything under it)
[0.414s] Copying ../../build/my_python_pkg/my_python_pkg.egg-info to /home/zkx/RM/CLASS_2/ros2_ws/install/my_python_pkg/lib/python3.10/site-packages/my_python_pkg-0.0.0-py3.10.egg-info
[0.414s] running install_scripts
[0.426s] Installing talker = my_python_pkg.talker:mainlistener script to /home/zkx/RM/CLASS_2/ros2_ws/install/my_python_pkg/lib/my_python_pkg
[0.426s] writing list of installed files to '/home/zkx/RM/CLASS_2/ros2_ws/build/my_python_pkg/install.log'
[0.443s] Invoked command in '/home/zkx/RM/CLASS_2/ros2_ws/src/my_python_pkg' returned '0': PYTHONPATH=/home/zkx/RM/CLASS_2/ros2_ws/build/my_python_pkg/prefix_override:/usr/lib/python3/dist-packages/colcon_core/task/python/colcon_distutils_commands:/home/zkx/RM/CLASS_2/ros2_ws/install/my_python_pkg/lib/python3.10/site-packages:${PYTHONPATH} /usr/bin/python3 -W ignore:setup.py install is deprecated -W ignore:easy_install command is deprecated setup.py egg_info --egg-base ../../build/my_python_pkg build --build-base /home/zkx/RM/CLASS_2/ros2_ws/build/my_python_pkg/build install --record /home/zkx/RM/CLASS_2/ros2_ws/build/my_python_pkg/install.log --single-version-externally-managed install_data
