[0.069s] DEBUG:colcon:Command line arguments: ['/usr/bin/colcon', 'build']
[0.069s] DEBUG:colcon:Parsed command line arguments: Namespace(log_base=None, log_level=None, verb_name='build', build_base='build', install_base='install', merge_install=False, symlink_install=False, test_result_base=None, continue_on_error=False, executor='parallel', parallel_workers=16, event_handlers=None, ignore_user_meta=False, metas=['./colcon.meta'], base_paths=['.'], packages_ignore=None, packages_ignore_regex=None, paths=None, packages_up_to=None, packages_up_to_regex=None, packages_above=None, packages_above_and_dependencies=None, packages_above_depth=None, packages_select_by_dep=None, packages_skip_by_dep=None, packages_skip_up_to=None, packages_select_build_failed=False, packages_skip_build_finished=False, packages_select_test_failures=False, packages_skip_test_passed=False, packages_select=None, packages_skip=None, packages_select_regex=None, packages_skip_regex=None, packages_start=None, packages_end=None, allow_overriding=[], cmake_args=None, cmake_target=None, cmake_target_skip_unavailable=False, cmake_clean_cache=False, cmake_clean_first=False, cmake_force_configure=False, ament_cmake_args=None, catkin_cmake_args=None, catkin_skip_building_tests=False, verb_parser=<colcon_defaults.argument_parser.defaults.DefaultArgumentsDecorator object at 0x7751372620e0>, verb_extension=<colcon_core.verb.build.BuildVerb object at 0x775137261c90>, main=<bound method BuildVerb.main of <colcon_core.verb.build.BuildVerb object at 0x775137261c90>>)
[0.097s] Level 1:colcon.colcon_core.package_discovery:discover_packages(colcon_meta) check parameters
[0.097s] Level 1:colcon.colcon_core.package_discovery:discover_packages(recursive) check parameters
[0.097s] Level 1:colcon.colcon_core.package_discovery:discover_packages(ignore) check parameters
[0.097s] Level 1:colcon.colcon_core.package_discovery:discover_packages(path) check parameters
[0.097s] Level 1:colcon.colcon_core.package_discovery:discover_packages(colcon_meta) discover
[0.097s] Level 1:colcon.colcon_core.package_discovery:discover_packages(recursive) discover
[0.097s] INFO:colcon.colcon_core.package_discovery:Crawling recursively for packages in '/home/whaltze/rm/RM_CLASS/CLASS/CLASS_2/Task2/Publisher2Listener_py'
[0.097s] Level 1:colcon.colcon_core.package_identification:_identify(.) by extensions ['ignore', 'ignore_ament_install']
[0.097s] Level 1:colcon.colcon_core.package_identification:_identify(.) by extension 'ignore'
[0.097s] Level 1:colcon.colcon_core.package_identification:_identify(.) by extension 'ignore_ament_install'
[0.097s] Level 1:colcon.colcon_core.package_identification:_identify(.) by extensions ['colcon_pkg']
[0.097s] Level 1:colcon.colcon_core.package_identification:_identify(.) by extension 'colcon_pkg'
[0.097s] Level 1:colcon.colcon_core.package_identification:_identify(.) by extensions ['colcon_meta']
[0.097s] Level 1:colcon.colcon_core.package_identification:_identify(.) by extension 'colcon_meta'
[0.097s] Level 1:colcon.colcon_core.package_identification:_identify(.) by extensions ['ros']
[0.097s] Level 1:colcon.colcon_core.package_identification:_identify(.) by extension 'ros'
[0.108s] DEBUG:colcon.colcon_core.package_identification:Package '.' with type 'ros.ament_python' and name 'Publisher2Listener_py'
[0.108s] Level 1:colcon.colcon_core.package_discovery:discover_packages(recursive) using defaults
[0.108s] Level 1:colcon.colcon_core.package_discovery:discover_packages(ignore) discover
[0.108s] Level 1:colcon.colcon_core.package_discovery:discover_packages(ignore) using defaults
[0.108s] Level 1:colcon.colcon_core.package_discovery:discover_packages(path) discover
[0.108s] Level 1:colcon.colcon_core.package_discovery:discover_packages(path) using defaults
[0.121s] Level 1:colcon.colcon_core.package_discovery:discover_packages(prefix_path) check parameters
[0.121s] Level 1:colcon.colcon_core.package_discovery:discover_packages(prefix_path) discover
[0.123s] DEBUG:colcon.colcon_installed_package_information.package_discovery:Found 1 installed packages in /home/whaltze/rm/RM_CLASS/CLASS/CLASS_2/Task2/Publisher2Listener_py/install
[0.124s] DEBUG:colcon.colcon_installed_package_information.package_discovery:Found 17 installed packages in /home/whaltze/rm/rm_navigation_ws/install
[0.125s] DEBUG:colcon.colcon_installed_package_information.package_discovery:Found 389 installed packages in /opt/ros/humble
[0.126s] Level 1:colcon.colcon_core.package_discovery:discover_packages(prefix_path) using defaults
[0.155s] Level 5:colcon.colcon_core.verb:set package 'Publisher2Listener_py' build argument 'cmake_args' from command line to 'None'
[0.155s] Level 5:colcon.colcon_core.verb:set package 'Publisher2Listener_py' build argument 'cmake_target' from command line to 'None'
[0.155s] Level 5:colcon.colcon_core.verb:set package 'Publisher2Listener_py' build argument 'cmake_target_skip_unavailable' from command line to 'False'
[0.155s] Level 5:colcon.colcon_core.verb:set package 'Publisher2Listener_py' build argument 'cmake_clean_cache' from command line to 'False'
[0.155s] Level 5:colcon.colcon_core.verb:set package 'Publisher2Listener_py' build argument 'cmake_clean_first' from command line to 'False'
[0.155s] Level 5:colcon.colcon_core.verb:set package 'Publisher2Listener_py' build argument 'cmake_force_configure' from command line to 'False'
[0.155s] Level 5:colcon.colcon_core.verb:set package 'Publisher2Listener_py' build argument 'ament_cmake_args' from command line to 'None'
[0.155s] Level 5:colcon.colcon_core.verb:set package 'Publisher2Listener_py' build argument 'catkin_cmake_args' from command line to 'None'
[0.155s] Level 5:colcon.colcon_core.verb:set package 'Publisher2Listener_py' build argument 'catkin_skip_building_tests' from command line to 'False'
[0.155s] DEBUG:colcon.colcon_core.verb:Building package 'Publisher2Listener_py' with the following arguments: {'ament_cmake_args': None, 'build_base': '/home/whaltze/rm/RM_CLASS/CLASS/CLASS_2/Task2/Publisher2Listener_py/build/Publisher2Listener_py', 'catkin_cmake_args': None, 'catkin_skip_building_tests': False, 'cmake_args': None, 'cmake_clean_cache': False, 'cmake_clean_first': False, 'cmake_force_configure': False, 'cmake_target': None, 'cmake_target_skip_unavailable': False, 'install_base': '/home/whaltze/rm/RM_CLASS/CLASS/CLASS_2/Task2/Publisher2Listener_py/install/Publisher2Listener_py', 'merge_install': False, 'path': '/home/whaltze/rm/RM_CLASS/CLASS/CLASS_2/Task2/Publisher2Listener_py', 'symlink_install': False, 'test_result_base': None}
[0.155s] INFO:colcon.colcon_core.executor:Executing jobs using 'parallel' executor
[0.156s] DEBUG:colcon.colcon_parallel_executor.executor.parallel:run_until_complete
[0.157s] INFO:colcon.colcon_ros.task.ament_python.build:Building ROS package in '/home/whaltze/rm/RM_CLASS/CLASS/CLASS_2/Task2/Publisher2Listener_py' with build type 'ament_python'
[0.157s] Level 1:colcon.colcon_core.shell:create_environment_hook('Publisher2Listener_py', 'ament_prefix_path')
[0.158s] INFO:colcon.colcon_core.plugin_system:Skipping extension 'colcon_core.shell.bat': Not used on non-Windows systems
[0.158s] INFO:colcon.colcon_core.shell:Creating environment hook '/home/whaltze/rm/RM_CLASS/CLASS/CLASS_2/Task2/Publisher2Listener_py/install/Publisher2Listener_py/share/Publisher2Listener_py/hook/ament_prefix_path.ps1'
[0.159s] INFO:colcon.colcon_core.shell:Creating environment descriptor '/home/whaltze/rm/RM_CLASS/CLASS/CLASS_2/Task2/Publisher2Listener_py/install/Publisher2Listener_py/share/Publisher2Listener_py/hook/ament_prefix_path.dsv'
[0.159s] INFO:colcon.colcon_core.shell:Creating environment hook '/home/whaltze/rm/RM_CLASS/CLASS/CLASS_2/Task2/Publisher2Listener_py/install/Publisher2Listener_py/share/Publisher2Listener_py/hook/ament_prefix_path.sh'
[0.160s] INFO:colcon.colcon_core.shell:Skip shell extension 'powershell' for command environment: Not usable outside of PowerShell
[0.160s] DEBUG:colcon.colcon_core.shell:Skip shell extension 'dsv' for command environment
[0.305s] INFO:colcon.colcon_core.task.python.build:Building Python package in '/home/whaltze/rm/RM_CLASS/CLASS/CLASS_2/Task2/Publisher2Listener_py'
[0.305s] INFO:colcon.colcon_core.shell:Skip shell extension 'powershell' for command environment: Not usable outside of PowerShell
[0.305s] DEBUG:colcon.colcon_core.shell:Skip shell extension 'dsv' for command environment
[0.653s] DEBUG:colcon.colcon_core.event_handler.log_command:Invoking command in '/home/whaltze/rm/RM_CLASS/CLASS/CLASS_2/Task2/Publisher2Listener_py': PYTHONPATH=/home/whaltze/rm/RM_CLASS/CLASS/CLASS_2/Task2/Publisher2Listener_py/build/Publisher2Listener_py/prefix_override:/usr/lib/python3/dist-packages/colcon_core/task/python/colcon_distutils_commands:/home/whaltze/rm/RM_CLASS/CLASS/CLASS_2/Task2/Publisher2Listener_py/install/Publisher2Listener_py/lib/python3.10/site-packages:${PYTHONPATH} /usr/bin/python3 -W ignore:setup.py install is deprecated -W ignore:easy_install command is deprecated setup.py egg_info --egg-base build/Publisher2Listener_py build --build-base /home/whaltze/rm/RM_CLASS/CLASS/CLASS_2/Task2/Publisher2Listener_py/build/Publisher2Listener_py/build install --record /home/whaltze/rm/RM_CLASS/CLASS/CLASS_2/Task2/Publisher2Listener_py/build/Publisher2Listener_py/install.log --single-version-externally-managed install_data
[0.974s] DEBUG:colcon.colcon_core.event_handler.log_command:Invoked command in '/home/whaltze/rm/RM_CLASS/CLASS/CLASS_2/Task2/Publisher2Listener_py' returned '0': PYTHONPATH=/home/whaltze/rm/RM_CLASS/CLASS/CLASS_2/Task2/Publisher2Listener_py/build/Publisher2Listener_py/prefix_override:/usr/lib/python3/dist-packages/colcon_core/task/python/colcon_distutils_commands:/home/whaltze/rm/RM_CLASS/CLASS/CLASS_2/Task2/Publisher2Listener_py/install/Publisher2Listener_py/lib/python3.10/site-packages:${PYTHONPATH} /usr/bin/python3 -W ignore:setup.py install is deprecated -W ignore:easy_install command is deprecated setup.py egg_info --egg-base build/Publisher2Listener_py build --build-base /home/whaltze/rm/RM_CLASS/CLASS/CLASS_2/Task2/Publisher2Listener_py/build/Publisher2Listener_py/build install --record /home/whaltze/rm/RM_CLASS/CLASS/CLASS_2/Task2/Publisher2Listener_py/build/Publisher2Listener_py/install.log --single-version-externally-managed install_data
[0.976s] Level 1:colcon.colcon_core.environment:checking '/home/whaltze/rm/RM_CLASS/CLASS/CLASS_2/Task2/Publisher2Listener_py/install/Publisher2Listener_py' for CMake module files
[0.976s] Level 1:colcon.colcon_core.environment:checking '/home/whaltze/rm/RM_CLASS/CLASS/CLASS_2/Task2/Publisher2Listener_py/install/Publisher2Listener_py' for CMake config files
[0.977s] Level 1:colcon.colcon_core.environment:checking '/home/whaltze/rm/RM_CLASS/CLASS/CLASS_2/Task2/Publisher2Listener_py/install/Publisher2Listener_py/lib'
[0.977s] Level 1:colcon.colcon_core.environment:checking '/home/whaltze/rm/RM_CLASS/CLASS/CLASS_2/Task2/Publisher2Listener_py/install/Publisher2Listener_py/bin'
[0.977s] Level 1:colcon.colcon_core.environment:checking '/home/whaltze/rm/RM_CLASS/CLASS/CLASS_2/Task2/Publisher2Listener_py/install/Publisher2Listener_py/lib/pkgconfig/Publisher2Listener_py.pc'
[0.977s] Level 1:colcon.colcon_core.environment:checking '/home/whaltze/rm/RM_CLASS/CLASS/CLASS_2/Task2/Publisher2Listener_py/install/Publisher2Listener_py/lib/python3.10/site-packages'
[0.977s] Level 1:colcon.colcon_core.shell:create_environment_hook('Publisher2Listener_py', 'pythonpath')
[0.977s] INFO:colcon.colcon_core.shell:Creating environment hook '/home/whaltze/rm/RM_CLASS/CLASS/CLASS_2/Task2/Publisher2Listener_py/install/Publisher2Listener_py/share/Publisher2Listener_py/hook/pythonpath.ps1'
[0.978s] INFO:colcon.colcon_core.shell:Creating environment descriptor '/home/whaltze/rm/RM_CLASS/CLASS/CLASS_2/Task2/Publisher2Listener_py/install/Publisher2Listener_py/share/Publisher2Listener_py/hook/pythonpath.dsv'
[0.978s] INFO:colcon.colcon_core.shell:Creating environment hook '/home/whaltze/rm/RM_CLASS/CLASS/CLASS_2/Task2/Publisher2Listener_py/install/Publisher2Listener_py/share/Publisher2Listener_py/hook/pythonpath.sh'
[0.978s] Level 1:colcon.colcon_core.environment:checking '/home/whaltze/rm/RM_CLASS/CLASS/CLASS_2/Task2/Publisher2Listener_py/install/Publisher2Listener_py/bin'
[0.979s] Level 1:colcon.colcon_core.environment:create_environment_scripts_only(Publisher2Listener_py)
[0.979s] INFO:colcon.colcon_core.shell:Creating package script '/home/whaltze/rm/RM_CLASS/CLASS/CLASS_2/Task2/Publisher2Listener_py/install/Publisher2Listener_py/share/Publisher2Listener_py/package.ps1'
[0.979s] INFO:colcon.colcon_core.shell:Creating package descriptor '/home/whaltze/rm/RM_CLASS/CLASS/CLASS_2/Task2/Publisher2Listener_py/install/Publisher2Listener_py/share/Publisher2Listener_py/package.dsv'
[0.980s] INFO:colcon.colcon_core.shell:Creating package script '/home/whaltze/rm/RM_CLASS/CLASS/CLASS_2/Task2/Publisher2Listener_py/install/Publisher2Listener_py/share/Publisher2Listener_py/package.sh'
[0.980s] INFO:colcon.colcon_core.shell:Creating package script '/home/whaltze/rm/RM_CLASS/CLASS/CLASS_2/Task2/Publisher2Listener_py/install/Publisher2Listener_py/share/Publisher2Listener_py/package.bash'
[0.981s] INFO:colcon.colcon_core.shell:Creating package script '/home/whaltze/rm/RM_CLASS/CLASS/CLASS_2/Task2/Publisher2Listener_py/install/Publisher2Listener_py/share/Publisher2Listener_py/package.zsh'
[0.981s] Level 1:colcon.colcon_core.environment:create_file_with_runtime_dependencies(/home/whaltze/rm/RM_CLASS/CLASS/CLASS_2/Task2/Publisher2Listener_py/install/Publisher2Listener_py/share/colcon-core/packages/Publisher2Listener_py)
[0.982s] DEBUG:colcon.colcon_parallel_executor.executor.parallel:closing loop
[0.982s] DEBUG:colcon.colcon_parallel_executor.executor.parallel:loop closed
[0.982s] DEBUG:colcon.colcon_parallel_executor.executor.parallel:run_until_complete finished with '0'
[0.982s] DEBUG:colcon.colcon_core.event_reactor:joining thread
[0.986s] INFO:colcon.colcon_core.plugin_system:Skipping extension 'colcon_notification.desktop_notification.terminal_notifier': Not used on non-Darwin systems
[0.986s] INFO:colcon.colcon_core.plugin_system:Skipping extension 'colcon_notification.desktop_notification.win32': Not used on non-Windows systems
[0.986s] INFO:colcon.colcon_notification.desktop_notification:Sending desktop notification using 'notify2'
[0.996s] DEBUG:colcon.colcon_core.event_reactor:joined thread
[0.996s] INFO:colcon.colcon_core.shell:Creating prefix script '/home/whaltze/rm/RM_CLASS/CLASS/CLASS_2/Task2/Publisher2Listener_py/install/local_setup.ps1'
[0.998s] INFO:colcon.colcon_core.shell:Creating prefix util module '/home/whaltze/rm/RM_CLASS/CLASS/CLASS_2/Task2/Publisher2Listener_py/install/_local_setup_util_ps1.py'
[0.999s] INFO:colcon.colcon_core.shell:Creating prefix chain script '/home/whaltze/rm/RM_CLASS/CLASS/CLASS_2/Task2/Publisher2Listener_py/install/setup.ps1'
[1.014s] INFO:colcon.colcon_core.shell:Creating prefix script '/home/whaltze/rm/RM_CLASS/CLASS/CLASS_2/Task2/Publisher2Listener_py/install/local_setup.sh'
[1.014s] INFO:colcon.colcon_core.shell:Creating prefix util module '/home/whaltze/rm/RM_CLASS/CLASS/CLASS_2/Task2/Publisher2Listener_py/install/_local_setup_util_sh.py'
[1.015s] INFO:colcon.colcon_core.shell:Creating prefix chain script '/home/whaltze/rm/RM_CLASS/CLASS/CLASS_2/Task2/Publisher2Listener_py/install/setup.sh'
[1.016s] INFO:colcon.colcon_core.shell:Creating prefix script '/home/whaltze/rm/RM_CLASS/CLASS/CLASS_2/Task2/Publisher2Listener_py/install/local_setup.bash'
[1.017s] INFO:colcon.colcon_core.shell:Creating prefix chain script '/home/whaltze/rm/RM_CLASS/CLASS/CLASS_2/Task2/Publisher2Listener_py/install/setup.bash'
[1.018s] INFO:colcon.colcon_core.shell:Creating prefix script '/home/whaltze/rm/RM_CLASS/CLASS/CLASS_2/Task2/Publisher2Listener_py/install/local_setup.zsh'
[1.018s] INFO:colcon.colcon_core.shell:Creating prefix chain script '/home/whaltze/rm/RM_CLASS/CLASS/CLASS_2/Task2/Publisher2Listener_py/install/setup.zsh'
