[0.014s] Invoking command in '/home/whaltze/rm/RM_CLASS/CLASS/CLASS_2/Task2/Publisher2Listener/build/Publisher2Listener': CMAKE_PREFIX_PATH=${CMAKE_PREFIX_PATH}:/home/whaltze/rm/RM_CLASS/CLASS/CLASS_2/Task2/Publisher2Listener_py/install/Publisher2Listener_py:/opt/ros/humble /usr/bin/cmake --build /home/whaltze/rm/RM_CLASS/CLASS/CLASS_2/Task2/Publisher2Listener/build/Publisher2Listener -- -j16 -l16
[0.051s] [35m[1mConsolidate compiler generated dependencies of target publisher[0m
[0.052s] [35m[1mConsolidate compiler generated dependencies of target listener[0m
[0.068s] [ 50%] Built target publisher
[0.068s] [100%] Built target listener
[0.078s] Invoked command in '/home/whaltze/rm/RM_CLASS/CLASS/CLASS_2/Task2/Publisher2Listener/build/Publisher2Listener' returned '0': CMAKE_PREFIX_PATH=${CMAKE_PREFIX_PATH}:/home/whaltze/rm/RM_CLASS/CLASS/CLASS_2/Task2/Publisher2Listener_py/install/Publisher2Listener_py:/opt/ros/humble /usr/bin/cmake --build /home/whaltze/rm/RM_CLASS/CLASS/CLASS_2/Task2/Publisher2Listener/build/Publisher2Listener -- -j16 -l16
[0.087s] Invoking command in '/home/whaltze/rm/RM_CLASS/CLASS/CLASS_2/Task2/Publisher2Listener/build/Publisher2Listener': CMAKE_PREFIX_PATH=${CMAKE_PREFIX_PATH}:/home/whaltze/rm/RM_CLASS/CLASS/CLASS_2/Task2/Publisher2Listener_py/install/Publisher2Listener_py:/opt/ros/humble /usr/bin/cmake --install /home/whaltze/rm/RM_CLASS/CLASS/CLASS_2/Task2/Publisher2Listener/build/Publisher2Listener
[0.094s] -- Install configuration: ""
[0.094s] -- Up-to-date: /home/whaltze/rm/RM_CLASS/CLASS/CLASS_2/Task2/Publisher2Listener/install/Publisher2Listener/lib/Publisher2Listener/publisher
[0.094s] -- Up-to-date: /home/whaltze/rm/RM_CLASS/CLASS/CLASS_2/Task2/Publisher2Listener/install/Publisher2Listener/lib/Publisher2Listener/listener
[0.095s] -- Up-to-date: /home/whaltze/rm/RM_CLASS/CLASS/CLASS_2/Task2/Publisher2Listener/install/Publisher2Listener/share/ament_index/resource_index/package_run_dependencies/Publisher2Listener
[0.095s] -- Up-to-date: /home/whaltze/rm/RM_CLASS/CLASS/CLASS_2/Task2/Publisher2Listener/install/Publisher2Listener/share/ament_index/resource_index/parent_prefix_path/Publisher2Listener
[0.095s] -- Up-to-date: /home/whaltze/rm/RM_CLASS/CLASS/CLASS_2/Task2/Publisher2Listener/install/Publisher2Listener/share/Publisher2Listener/environment/ament_prefix_path.sh
[0.095s] -- Up-to-date: /home/whaltze/rm/RM_CLASS/CLASS/CLASS_2/Task2/Publisher2Listener/install/Publisher2Listener/share/Publisher2Listener/environment/ament_prefix_path.dsv
[0.095s] -- Up-to-date: /home/whaltze/rm/RM_CLASS/CLASS/CLASS_2/Task2/Publisher2Listener/install/Publisher2Listener/share/Publisher2Listener/environment/path.sh
[0.095s] -- Up-to-date: /home/whaltze/rm/RM_CLASS/CLASS/CLASS_2/Task2/Publisher2Listener/install/Publisher2Listener/share/Publisher2Listener/environment/path.dsv
[0.095s] -- Up-to-date: /home/whaltze/rm/RM_CLASS/CLASS/CLASS_2/Task2/Publisher2Listener/install/Publisher2Listener/share/Publisher2Listener/local_setup.bash
[0.095s] -- Up-to-date: /home/whaltze/rm/RM_CLASS/CLASS/CLASS_2/Task2/Publisher2Listener/install/Publisher2Listener/share/Publisher2Listener/local_setup.sh
[0.095s] -- Up-to-date: /home/whaltze/rm/RM_CLASS/CLASS/CLASS_2/Task2/Publisher2Listener/install/Publisher2Listener/share/Publisher2Listener/local_setup.zsh
[0.095s] -- Up-to-date: /home/whaltze/rm/RM_CLASS/CLASS/CLASS_2/Task2/Publisher2Listener/install/Publisher2Listener/share/Publisher2Listener/local_setup.dsv
[0.096s] -- Installing: /home/whaltze/rm/RM_CLASS/CLASS/CLASS_2/Task2/Publisher2Listener/install/Publisher2Listener/share/Publisher2Listener/package.dsv
[0.096s] -- Up-to-date: /home/whaltze/rm/RM_CLASS/CLASS/CLASS_2/Task2/Publisher2Listener/install/Publisher2Listener/share/ament_index/resource_index/packages/Publisher2Listener
[0.096s] -- Up-to-date: /home/whaltze/rm/RM_CLASS/CLASS/CLASS_2/Task2/Publisher2Listener/install/Publisher2Listener/share/Publisher2Listener/cmake/Publisher2ListenerConfig.cmake
[0.096s] -- Up-to-date: /home/whaltze/rm/RM_CLASS/CLASS/CLASS_2/Task2/Publisher2Listener/install/Publisher2Listener/share/Publisher2Listener/cmake/Publisher2ListenerConfig-version.cmake
[0.096s] -- Up-to-date: /home/whaltze/rm/RM_CLASS/CLASS/CLASS_2/Task2/Publisher2Listener/install/Publisher2Listener/share/Publisher2Listener/package.xml
[0.097s] Invoked command in '/home/whaltze/rm/RM_CLASS/CLASS/CLASS_2/Task2/Publisher2Listener/build/Publisher2Listener' returned '0': CMAKE_PREFIX_PATH=${CMAKE_PREFIX_PATH}:/home/whaltze/rm/RM_CLASS/CLASS/CLASS_2/Task2/Publisher2Listener_py/install/Publisher2Listener_py:/opt/ros/humble /usr/bin/cmake --install /home/whaltze/rm/RM_CLASS/CLASS/CLASS_2/Task2/Publisher2Listener/build/Publisher2Listener
