[35m[1mConsolidate compiler generated dependencies of target publisher[0m
[35m[1mConsolidate compiler generated dependencies of target listener[0m
[ 50%] Built target publisher
[100%] Built target listener
-- Install configuration: ""
-- Up-to-date: /home/whaltze/rm/RM_CLASS/CLASS/CLASS_2/Task2/Publisher2Listener/install/Publisher2Listener/lib/Publisher2Listener/publisher
-- Up-to-date: /home/whaltze/rm/RM_CLASS/CLASS/CLASS_2/Task2/Publisher2Listener/install/Publisher2Listener/lib/Publisher2Listener/listener
-- Up-to-date: /home/whaltze/rm/RM_CLASS/CLASS/CLASS_2/Task2/Publisher2Listener/install/Publisher2Listener/share/ament_index/resource_index/package_run_dependencies/Publisher2Listener
-- Up-to-date: /home/whaltze/rm/RM_CLASS/CLASS/CLASS_2/Task2/Publisher2Listener/install/Publisher2Listener/share/ament_index/resource_index/parent_prefix_path/Publisher2Listener
-- Up-to-date: /home/whaltze/rm/RM_CLASS/CLASS/CLASS_2/Task2/Publisher2Listener/install/Publisher2Listener/share/Publisher2Listener/environment/ament_prefix_path.sh
-- Up-to-date: /home/whaltze/rm/RM_CLASS/CLASS/CLASS_2/Task2/Publisher2Listener/install/Publisher2Listener/share/Publisher2Listener/environment/ament_prefix_path.dsv
-- Up-to-date: /home/whaltze/rm/RM_CLASS/CLASS/CLASS_2/Task2/Publisher2Listener/install/Publisher2Listener/share/Publisher2Listener/environment/path.sh
-- Up-to-date: /home/whaltze/rm/RM_CLASS/CLASS/CLASS_2/Task2/Publisher2Listener/install/Publisher2Listener/share/Publisher2Listener/environment/path.dsv
-- Up-to-date: /home/whaltze/rm/RM_CLASS/CLASS/CLASS_2/Task2/Publisher2Listener/install/Publisher2Listener/share/Publisher2Listener/local_setup.bash
-- Up-to-date: /home/whaltze/rm/RM_CLASS/CLASS/CLASS_2/Task2/Publisher2Listener/install/Publisher2Listener/share/Publisher2Listener/local_setup.sh
-- Up-to-date: /home/whaltze/rm/RM_CLASS/CLASS/CLASS_2/Task2/Publisher2Listener/install/Publisher2Listener/share/Publisher2Listener/local_setup.zsh
-- Up-to-date: /home/whaltze/rm/RM_CLASS/CLASS/CLASS_2/Task2/Publisher2Listener/install/Publisher2Listener/share/Publisher2Listener/local_setup.dsv
-- Installing: /home/whaltze/rm/RM_CLASS/CLASS/CLASS_2/Task2/Publisher2Listener/install/Publisher2Listener/share/Publisher2Listener/package.dsv
-- Up-to-date: /home/whaltze/rm/RM_CLASS/CLASS/CLASS_2/Task2/Publisher2Listener/install/Publisher2Listener/share/ament_index/resource_index/packages/Publisher2Listener
-- Up-to-date: /home/whaltze/rm/RM_CLASS/CLASS/CLASS_2/Task2/Publisher2Listener/install/Publisher2Listener/share/Publisher2Listener/cmake/Publisher2ListenerConfig.cmake
-- Up-to-date: /home/whaltze/rm/RM_CLASS/CLASS/CLASS_2/Task2/Publisher2Listener/install/Publisher2Listener/share/Publisher2Listener/cmake/Publisher2ListenerConfig-version.cmake
-- Up-to-date: /home/whaltze/rm/RM_CLASS/CLASS/CLASS_2/Task2/Publisher2Listener/install/Publisher2Listener/share/Publisher2Listener/package.xml
